[0.005s] Invoking command in '/home/robokvant/ws_rmw_zenoh/build/rmw_zenoh_cpp': AMENT_PREFIX_PATH=/home/robokvant/ws_rmw_zenoh/install/zenoh_c_vendor:${AMENT_PREFIX_PATH} CMAKE_PREFIX_PATH=/home/robokvant/ws_rmw_zenoh/install/zenoh_c_vendor:/opt/ros/jazzy/opt/gz_math_vendor:/opt/ros/jazzy/opt/gz_utils_vendor:/opt/ros/jazzy/opt/gz_cmake_vendor:/opt/ros/jazzy DEBUGINFOD_URLS=https://debuginfod.ubuntu.com LD_LIBRARY_PATH=/home/robokvant/ws_rmw_zenoh/install/zenoh_c_vendor/opt/zenoh_c_vendor/lib:${LD_LIBRARY_PATH} /usr/bin/cmake /home/robokvant/ws_rmw_zenoh/src/rmw_zenoh/rmw_zenoh_cpp -DCMAKE_BUILD_TYPE=Release -DCMAKE_INSTALL_PREFIX=/home/robokvant/ws_rmw_zenoh/install/rmw_zenoh_cpp
[0.052s] -- The C compiler identification is GNU 13.2.0
[0.102s] -- The CXX compiler identification is GNU 13.2.0
[0.116s] -- Detecting C compiler ABI info
[0.192s] -- Detecting C compiler ABI info - done
[0.204s] -- Check for working C compiler: /usr/bin/cc - skipped
[0.204s] -- Detecting C compile features
[0.204s] -- Detecting C compile features - done
[0.213s] -- Detecting CXX compiler ABI info
[0.313s] -- Detecting CXX compiler ABI info - done
[0.323s] -- Check for working CXX compiler: /usr/bin/c++ - skipped
[0.323s] -- Detecting CXX compile features
[0.323s] -- Detecting CXX compile features - done
[0.326s] -- Found ament_cmake: 2.5.2 (/opt/ros/jazzy/share/ament_cmake/cmake)
[0.451s] -- Found Python3: /usr/bin/python3 (found version "3.12.3") found components: Interpreter 
[0.533s] -- Found ament_index_cpp: 1.8.1 (/opt/ros/jazzy/share/ament_index_cpp/cmake)
[0.550s] -- Found rcpputils: 2.11.0 (/opt/ros/jazzy/share/rcpputils/cmake)
[0.577s] -- Found rosidl_typesupport_fastrtps_c: 3.6.0 (/opt/ros/jazzy/share/rosidl_typesupport_fastrtps_c/cmake)
[0.582s] -- Found rosidl_generator_c: 4.6.4 (/opt/ros/jazzy/share/rosidl_generator_c/cmake)
[0.600s] -- Found rosidl_typesupport_fastrtps_cpp: 3.6.0 (/opt/ros/jazzy/share/rosidl_typesupport_fastrtps_cpp/cmake)
[0.603s] -- Found rosidl_generator_cpp: 4.6.4 (/opt/ros/jazzy/share/rosidl_generator_cpp/cmake)
[0.618s] -- Found zenoh_c_vendor: 0.0.1 (/home/robokvant/ws_rmw_zenoh/install/zenoh_c_vendor/share/zenoh_c_vendor/cmake)
[0.630s] -- Found ament_cmake_copyright: 0.17.1 (/opt/ros/jazzy/share/ament_cmake_copyright/cmake)
[0.632s] -- Found ament_cmake_cpplint: 0.17.1 (/opt/ros/jazzy/share/ament_cmake_cpplint/cmake)
[0.634s] -- Found ament_cmake_lint_cmake: 0.17.1 (/opt/ros/jazzy/share/ament_cmake_lint_cmake/cmake)
[0.636s] -- Found ament_cmake_uncrustify: 0.17.1 (/opt/ros/jazzy/share/ament_cmake_uncrustify/cmake)
[0.638s] -- Found ament_cmake_xmllint: 0.17.1 (/opt/ros/jazzy/share/ament_cmake_xmllint/cmake)
[0.714s] -- Configuring done (0.7s)
[0.724s] -- Generating done (0.0s)
[0.727s] -- Build files have been written to: /home/robokvant/ws_rmw_zenoh/build/rmw_zenoh_cpp
[0.732s] Invoked command in '/home/robokvant/ws_rmw_zenoh/build/rmw_zenoh_cpp' returned '0': AMENT_PREFIX_PATH=/home/robokvant/ws_rmw_zenoh/install/zenoh_c_vendor:${AMENT_PREFIX_PATH} CMAKE_PREFIX_PATH=/home/robokvant/ws_rmw_zenoh/install/zenoh_c_vendor:/opt/ros/jazzy/opt/gz_math_vendor:/opt/ros/jazzy/opt/gz_utils_vendor:/opt/ros/jazzy/opt/gz_cmake_vendor:/opt/ros/jazzy DEBUGINFOD_URLS=https://debuginfod.ubuntu.com LD_LIBRARY_PATH=/home/robokvant/ws_rmw_zenoh/install/zenoh_c_vendor/opt/zenoh_c_vendor/lib:${LD_LIBRARY_PATH} /usr/bin/cmake /home/robokvant/ws_rmw_zenoh/src/rmw_zenoh/rmw_zenoh_cpp -DCMAKE_BUILD_TYPE=Release -DCMAKE_INSTALL_PREFIX=/home/robokvant/ws_rmw_zenoh/install/rmw_zenoh_cpp
[0.733s] Invoking command in '/home/robokvant/ws_rmw_zenoh/build/rmw_zenoh_cpp': AMENT_PREFIX_PATH=/home/robokvant/ws_rmw_zenoh/install/zenoh_c_vendor:${AMENT_PREFIX_PATH} CMAKE_PREFIX_PATH=/home/robokvant/ws_rmw_zenoh/install/zenoh_c_vendor:/opt/ros/jazzy/opt/gz_math_vendor:/opt/ros/jazzy/opt/gz_utils_vendor:/opt/ros/jazzy/opt/gz_cmake_vendor:/opt/ros/jazzy DEBUGINFOD_URLS=https://debuginfod.ubuntu.com LD_LIBRARY_PATH=/home/robokvant/ws_rmw_zenoh/install/zenoh_c_vendor/opt/zenoh_c_vendor/lib:${LD_LIBRARY_PATH} /usr/bin/cmake --build /home/robokvant/ws_rmw_zenoh/build/rmw_zenoh_cpp -- -j12 -l12
[0.776s] [  9%] [32mBuilding CXX object CMakeFiles/rmw_zenohd.dir/src/detail/logging.cpp.o[0m
[0.776s] [  9%] [32mBuilding CXX object CMakeFiles/rmw_zenohd.dir/src/detail/qos.cpp.o[0m
[0.776s] [  9%] [32mBuilding CXX object CMakeFiles/rmw_zenohd.dir/src/detail/liveliness_utils.cpp.o[0m
[0.776s] [ 12%] [32mBuilding CXX object CMakeFiles/rmw_zenohd.dir/src/detail/simplified_xxhash3.cpp.o[0m
[0.776s] [  9%] [32mBuilding CXX object CMakeFiles/rmw_zenoh_cpp.dir/src/detail/attachment_helpers.cpp.o[0m
[0.776s] [ 14%] [32mBuilding CXX object CMakeFiles/rmw_zenoh_cpp.dir/src/detail/cdr.cpp.o[0m
[0.777s] [ 17%] [32mBuilding CXX object CMakeFiles/rmw_zenohd.dir/src/detail/zenoh_config.cpp.o[0m
[0.777s] [ 19%] [32mBuilding CXX object CMakeFiles/rmw_zenohd.dir/src/zenohd/main.cpp.o[0m
[0.777s] [ 24%] [32mBuilding CXX object CMakeFiles/rmw_zenoh_cpp.dir/src/detail/event.cpp.o[0m
[0.777s] [ 24%] [32mBuilding CXX object CMakeFiles/rmw_zenoh_cpp.dir/src/detail/identifier.cpp.o[0m
[0.777s] [ 26%] [32mBuilding CXX object CMakeFiles/rmw_zenoh_cpp.dir/src/detail/graph_cache.cpp.o[0m
[0.777s] [ 29%] [32mBuilding CXX object CMakeFiles/rmw_zenoh_cpp.dir/src/detail/guard_condition.cpp.o[0m
[0.807s] [ 31%] [32mBuilding CXX object CMakeFiles/rmw_zenoh_cpp.dir/src/detail/liveliness_utils.cpp.o[0m
[0.887s] [ 34%] [32mBuilding CXX object CMakeFiles/rmw_zenoh_cpp.dir/src/detail/logging.cpp.o[0m
[0.995s] [ 36%] [32mBuilding CXX object CMakeFiles/rmw_zenoh_cpp.dir/src/detail/message_type_support.cpp.o[0m
[1.059s] [ 39%] [32mBuilding CXX object CMakeFiles/rmw_zenoh_cpp.dir/src/detail/qos.cpp.o[0m
[1.199s] [ 41%] [32mBuilding CXX object CMakeFiles/rmw_zenoh_cpp.dir/src/detail/rmw_client_data.cpp.o[0m
[1.209s] [ 43%] [32mBuilding CXX object CMakeFiles/rmw_zenoh_cpp.dir/src/detail/rmw_context_impl_s.cpp.o[0m
[1.218s] [ 46%] [32mBuilding CXX object CMakeFiles/rmw_zenoh_cpp.dir/src/detail/rmw_publisher_data.cpp.o[0m
[1.503s] [ 48%] [32mBuilding CXX object CMakeFiles/rmw_zenoh_cpp.dir/src/detail/rmw_node_data.cpp.o[0m
[1.536s] [ 51%] [32mBuilding CXX object CMakeFiles/rmw_zenoh_cpp.dir/src/detail/rmw_service_data.cpp.o[0m
[1.684s] [ 53%] [32mBuilding CXX object CMakeFiles/rmw_zenoh_cpp.dir/src/detail/rmw_subscription_data.cpp.o[0m
[1.815s] [ 56%] [32mBuilding CXX object CMakeFiles/rmw_zenoh_cpp.dir/src/detail/service_type_support.cpp.o[0m
[1.830s] [ 58%] [32mBuilding CXX object CMakeFiles/rmw_zenoh_cpp.dir/src/detail/simplified_xxhash3.cpp.o[0m
[1.917s] [ 60%] [32mBuilding CXX object CMakeFiles/rmw_zenoh_cpp.dir/src/detail/type_support.cpp.o[0m
[2.130s] [ 63%] [32mBuilding CXX object CMakeFiles/rmw_zenoh_cpp.dir/src/detail/type_support_common.cpp.o[0m
[2.652s] [ 65%] [32mBuilding CXX object CMakeFiles/rmw_zenoh_cpp.dir/src/detail/zenoh_config.cpp.o[0m
[2.793s] [ 68%] [32mBuilding CXX object CMakeFiles/rmw_zenoh_cpp.dir/src/detail/zenoh_router_check.cpp.o[0m
[3.108s] [ 70%] [32mBuilding CXX object CMakeFiles/rmw_zenoh_cpp.dir/src/detail/zenoh_utils.cpp.o[0m
[3.703s] [ 73%] [32mBuilding CXX object CMakeFiles/rmw_zenoh_cpp.dir/src/rmw_event.cpp.o[0m
[3.709s] [ 75%] [32mBuilding CXX object CMakeFiles/rmw_zenoh_cpp.dir/src/rmw_get_network_flow_endpoints.cpp.o[0m
[3.772s] [ 78%] [32mBuilding CXX object CMakeFiles/rmw_zenoh_cpp.dir/src/rmw_get_node_info_and_types.cpp.o[0m
[3.818s] [ 80%] [32mBuilding CXX object CMakeFiles/rmw_zenoh_cpp.dir/src/rmw_get_service_names_and_types.cpp.o[0m
[3.853s] [ 82%] [32mBuilding CXX object CMakeFiles/rmw_zenoh_cpp.dir/src/rmw_get_topic_endpoint_info.cpp.o[0m
[3.996s] [ 85%] [32mBuilding CXX object CMakeFiles/rmw_zenoh_cpp.dir/src/rmw_get_topic_names_and_types.cpp.o[0m
[4.252s] [ 87%] [32mBuilding CXX object CMakeFiles/rmw_zenoh_cpp.dir/src/rmw_init_options.cpp.o[0m
[4.399s] [ 90%] [32mBuilding CXX object CMakeFiles/rmw_zenoh_cpp.dir/src/rmw_init.cpp.o[0m
[4.634s] [ 92%] [32mBuilding CXX object CMakeFiles/rmw_zenoh_cpp.dir/src/rmw_qos.cpp.o[0m
[4.752s] [ 95%] [32mBuilding CXX object CMakeFiles/rmw_zenoh_cpp.dir/src/rmw_zenoh.cpp.o[0m
[5.368s] [ 97%] [32m[1mLinking CXX executable rmw_zenohd[0m
[5.491s] [ 97%] Built target rmw_zenohd
[6.876s] [100%] [32m[1mLinking CXX shared library librmw_zenoh_cpp.so[0m
[6.949s] [100%] Built target rmw_zenoh_cpp
[6.959s] Invoked command in '/home/robokvant/ws_rmw_zenoh/build/rmw_zenoh_cpp' returned '0': AMENT_PREFIX_PATH=/home/robokvant/ws_rmw_zenoh/install/zenoh_c_vendor:${AMENT_PREFIX_PATH} CMAKE_PREFIX_PATH=/home/robokvant/ws_rmw_zenoh/install/zenoh_c_vendor:/opt/ros/jazzy/opt/gz_math_vendor:/opt/ros/jazzy/opt/gz_utils_vendor:/opt/ros/jazzy/opt/gz_cmake_vendor:/opt/ros/jazzy DEBUGINFOD_URLS=https://debuginfod.ubuntu.com LD_LIBRARY_PATH=/home/robokvant/ws_rmw_zenoh/install/zenoh_c_vendor/opt/zenoh_c_vendor/lib:${LD_LIBRARY_PATH} /usr/bin/cmake --build /home/robokvant/ws_rmw_zenoh/build/rmw_zenoh_cpp -- -j12 -l12
[6.959s] Invoking command in '/home/robokvant/ws_rmw_zenoh/build/rmw_zenoh_cpp': AMENT_PREFIX_PATH=/home/robokvant/ws_rmw_zenoh/install/zenoh_c_vendor:${AMENT_PREFIX_PATH} CMAKE_PREFIX_PATH=/home/robokvant/ws_rmw_zenoh/install/zenoh_c_vendor:/opt/ros/jazzy/opt/gz_math_vendor:/opt/ros/jazzy/opt/gz_utils_vendor:/opt/ros/jazzy/opt/gz_cmake_vendor:/opt/ros/jazzy DEBUGINFOD_URLS=https://debuginfod.ubuntu.com LD_LIBRARY_PATH=/home/robokvant/ws_rmw_zenoh/install/zenoh_c_vendor/opt/zenoh_c_vendor/lib:${LD_LIBRARY_PATH} /usr/bin/cmake --install /home/robokvant/ws_rmw_zenoh/build/rmw_zenoh_cpp
[6.966s] -- Install configuration: "Release"
[6.966s] -- Installing: /home/robokvant/ws_rmw_zenoh/install/rmw_zenoh_cpp/share/ament_index/resource_index/rmw_typesupport_c/rmw_zenoh_cpp
[6.966s] -- Installing: /home/robokvant/ws_rmw_zenoh/install/rmw_zenoh_cpp/share/ament_index/resource_index/rmw_typesupport_cpp/rmw_zenoh_cpp
[6.966s] -- Installing: /home/robokvant/ws_rmw_zenoh/install/rmw_zenoh_cpp/share/ament_index/resource_index/rmw_typesupport/rmw_zenoh_cpp
[6.966s] -- Installing: /home/robokvant/ws_rmw_zenoh/install/rmw_zenoh_cpp/lib/librmw_zenoh_cpp.so
[6.967s] -- Set non-toolchain portion of runtime path of "/home/robokvant/ws_rmw_zenoh/install/rmw_zenoh_cpp/lib/librmw_zenoh_cpp.so" to ""
[6.967s] -- Installing: /home/robokvant/ws_rmw_zenoh/install/rmw_zenoh_cpp/share/rmw_zenoh_cpp/config
[6.967s] -- Installing: /home/robokvant/ws_rmw_zenoh/install/rmw_zenoh_cpp/share/rmw_zenoh_cpp/config/DEFAULT_RMW_ZENOH_SESSION_CONFIG.json5
[6.967s] -- Installing: /home/robokvant/ws_rmw_zenoh/install/rmw_zenoh_cpp/share/rmw_zenoh_cpp/config/DEFAULT_RMW_ZENOH_ROUTER_CONFIG.json5
[6.967s] -- Installing: /home/robokvant/ws_rmw_zenoh/install/rmw_zenoh_cpp/lib/rmw_zenoh_cpp/rmw_zenohd
[6.968s] -- Set non-toolchain portion of runtime path of "/home/robokvant/ws_rmw_zenoh/install/rmw_zenoh_cpp/lib/rmw_zenoh_cpp/rmw_zenohd" to ""
[6.968s] -- Installing: /home/robokvant/ws_rmw_zenoh/install/rmw_zenoh_cpp/share/ament_index/resource_index/package_run_dependencies/rmw_zenoh_cpp
[6.968s] -- Installing: /home/robokvant/ws_rmw_zenoh/install/rmw_zenoh_cpp/share/ament_index/resource_index/parent_prefix_path/rmw_zenoh_cpp
[6.968s] -- Installing: /home/robokvant/ws_rmw_zenoh/install/rmw_zenoh_cpp/share/rmw_zenoh_cpp/environment/ament_prefix_path.sh
[6.969s] -- Installing: /home/robokvant/ws_rmw_zenoh/install/rmw_zenoh_cpp/share/rmw_zenoh_cpp/environment/ament_prefix_path.dsv
[6.969s] -- Installing: /home/robokvant/ws_rmw_zenoh/install/rmw_zenoh_cpp/share/rmw_zenoh_cpp/environment/path.sh
[6.969s] -- Installing: /home/robokvant/ws_rmw_zenoh/install/rmw_zenoh_cpp/share/rmw_zenoh_cpp/environment/path.dsv
[6.969s] -- Installing: /home/robokvant/ws_rmw_zenoh/install/rmw_zenoh_cpp/share/rmw_zenoh_cpp/local_setup.bash
[6.969s] -- Installing: /home/robokvant/ws_rmw_zenoh/install/rmw_zenoh_cpp/share/rmw_zenoh_cpp/local_setup.sh
[6.969s] -- Installing: /home/robokvant/ws_rmw_zenoh/install/rmw_zenoh_cpp/share/rmw_zenoh_cpp/local_setup.zsh
[6.969s] -- Installing: /home/robokvant/ws_rmw_zenoh/install/rmw_zenoh_cpp/share/rmw_zenoh_cpp/local_setup.dsv
[6.969s] -- Installing: /home/robokvant/ws_rmw_zenoh/install/rmw_zenoh_cpp/share/rmw_zenoh_cpp/package.dsv
[6.969s] -- Installing: /home/robokvant/ws_rmw_zenoh/install/rmw_zenoh_cpp/share/ament_index/resource_index/packages/rmw_zenoh_cpp
[6.970s] -- Installing: /home/robokvant/ws_rmw_zenoh/install/rmw_zenoh_cpp/share/rmw_zenoh_cpp/cmake/export_rmw_zenoh_cppExport.cmake
[6.970s] -- Installing: /home/robokvant/ws_rmw_zenoh/install/rmw_zenoh_cpp/share/rmw_zenoh_cpp/cmake/export_rmw_zenoh_cppExport-release.cmake
[6.970s] -- Installing: /home/robokvant/ws_rmw_zenoh/install/rmw_zenoh_cpp/share/rmw_zenoh_cpp/cmake/ament_cmake_export_targets-extras.cmake
[6.970s] -- Installing: /home/robokvant/ws_rmw_zenoh/install/rmw_zenoh_cpp/share/rmw_zenoh_cpp/cmake/rmw_zenoh_cppConfig.cmake
[6.970s] -- Installing: /home/robokvant/ws_rmw_zenoh/install/rmw_zenoh_cpp/share/rmw_zenoh_cpp/cmake/rmw_zenoh_cppConfig-version.cmake
[6.970s] -- Installing: /home/robokvant/ws_rmw_zenoh/install/rmw_zenoh_cpp/share/rmw_zenoh_cpp/package.xml
[6.972s] Invoked command in '/home/robokvant/ws_rmw_zenoh/build/rmw_zenoh_cpp' returned '0': AMENT_PREFIX_PATH=/home/robokvant/ws_rmw_zenoh/install/zenoh_c_vendor:${AMENT_PREFIX_PATH} CMAKE_PREFIX_PATH=/home/robokvant/ws_rmw_zenoh/install/zenoh_c_vendor:/opt/ros/jazzy/opt/gz_math_vendor:/opt/ros/jazzy/opt/gz_utils_vendor:/opt/ros/jazzy/opt/gz_cmake_vendor:/opt/ros/jazzy DEBUGINFOD_URLS=https://debuginfod.ubuntu.com LD_LIBRARY_PATH=/home/robokvant/ws_rmw_zenoh/install/zenoh_c_vendor/opt/zenoh_c_vendor/lib:${LD_LIBRARY_PATH} /usr/bin/cmake --install /home/robokvant/ws_rmw_zenoh/build/rmw_zenoh_cpp
