-- The C compiler identification is GNU 13.2.0
-- The CXX compiler identification is GNU 13.2.0
-- Detecting C compiler ABI info
-- Detecting C compiler ABI info - done
-- Check for working C compiler: /usr/bin/cc - skipped
-- Detecting C compile features
-- Detecting C compile features - done
-- Detecting CXX compiler ABI info
-- Detecting CXX compiler ABI info - done
-- Check for working CXX compiler: /usr/bin/c++ - skipped
-- Detecting CXX compile features
-- Detecting CXX compile features - done
-- Found ament_cmake: 2.5.2 (/opt/ros/jazzy/share/ament_cmake/cmake)
-- Found Python3: /usr/bin/python3 (found version "3.12.3") found components: Interpreter 
-- Found ament_cmake_vendor_package: 2.5.2 (/opt/ros/jazzy/share/ament_cmake_vendor_package/cmake)
-- Configuring done (0.9s)
-- Generating done (0.0s)
-- Build files have been written to: /home/robokvant/ws_rmw_zenoh/build/zenoh_c_vendor
[ 12%] [34m[1mCreating directories for 'zenoh_c_vendor'[0m
[ 25%] [34m[1mPerforming download step for 'zenoh_c_vendor'[0m
/usr/bin/vcs:6: DeprecationWarning: pkg_resources is deprecated as an API. See https://setuptools.pypa.io/en/latest/pkg_resources.html
  from pkg_resources import load_entry_point
[34m=== [1m./zenoh_c_vendor[22m (git) ===[0m
hint: Using 'master' as the name for the initial branch. This default branch name
hint: is subject to change. To configure the initial branch name to use in all
hint: of your new repositories, which will suppress this warning, call:
hint: 
hint: 	git config --global init.defaultBranch <name>
hint: 
hint: Names commonly chosen instead of 'master' are 'main', 'trunk' and
hint: 'development'. The just-created branch can be renamed via this command:
hint: 
hint: 	git branch -m <name>
Initialized empty Git repository in /home/robokvant/ws_rmw_zenoh/build/zenoh_c_vendor/zenoh_c_vendor-prefix/src/zenoh_c_vendor/.git/

From https://github.com/eclipse-zenoh/zenoh-c
 * branch            134dbfa06ca212def5fb51dd8e816734dfd8dff6 -> FETCH_HEAD
Note: switching to '134dbfa06ca212def5fb51dd8e816734dfd8dff6'.

You are in 'detached HEAD' state. You can look around, make experimental
changes and commit them, and you can discard any commits you make in this
state without impacting any branches by switching back to a branch.

If you want to create a new branch to retain commits you create, you may
do so (now or later) by using -c with the switch command. Example:

  git switch -c <new-branch-name>

Or undo this operation with:

  git switch -

Turn off this advice by setting config variable advice.detachedHead to false

HEAD is now at 134dbfa fix: add `accept_replies` to `z_get_options_t` and use it in `ze_querying_subscriber_get` (#620)

[ 37%] [34m[1mNo update_disconnected step for 'zenoh_c_vendor'[0m
[ 50%] [34m[1mNo patch_disconnected step for 'zenoh_c_vendor'[0m
[ 62%] [34m[1mPerforming configure step for 'zenoh_c_vendor'[0m
loading initial cache file /home/robokvant/ws_rmw_zenoh/build/zenoh_c_vendor/zenoh_c_vendor-config.cmake
-- The C compiler identification is GNU 13.2.0
-- Detecting C compiler ABI info
-- Detecting C compiler ABI info - done
-- Check for working C compiler: /usr/bin/cc - skipped
-- Detecting C compile features
-- Detecting C compile features - done
-- CMAKE_BUILD_TYPE = Release
-- ZENOHC_BUILD_IN_SOURCE_TREE = FALSE
-- ZENOHC_BUILD_WITH_LOGGER_AUTOINIT = TRUE
-- ZENOHC_BUILD_WITH_SHARED_MEMORY = TRUE
-- ZENOHC_CUSTOM_TARGET = 
-- ZENOHC_CARGO_CHANNEL = 
-- ZENOHC_CARGO_FLAGS = --no-default-features;--features=zenoh/shared-memory zenoh/transport_compression zenoh/transport_tcp zenoh/transport_tls
-- ZENOHC_LIB_STATIC = FALSE
-- project_version = 0.11.0-dev
-- Mode: Non-IDE
-- Configuring Cargo.toml in /home/robokvant/ws_rmw_zenoh/build/zenoh_c_vendor/zenoh_c_vendor-prefix/src/zenoh_c_vendor-build/debug for zenohcd
-- Configuring Cargo.toml in /home/robokvant/ws_rmw_zenoh/build/zenoh_c_vendor/zenoh_c_vendor-prefix/src/zenoh_c_vendor-build/release for zenohc
-- cargo_flags = --release;--manifest-path=/home/robokvant/ws_rmw_zenoh/build/zenoh_c_vendor/zenoh_c_vendor-prefix/src/zenoh_c_vendor-build/release/Cargo.toml;--no-default-features;--features=zenoh/shared-memory zenoh/transport_compression zenoh/transport_tcp zenoh/transport_tls;--features=logger-autoinit;--features=shared-memory
-- libs = /home/robokvant/ws_rmw_zenoh/build/zenoh_c_vendor/zenoh_c_vendor-prefix/src/zenoh_c_vendor-build/release/target/release/libzenohc.so;/home/robokvant/ws_rmw_zenoh/build/zenoh_c_vendor/zenoh_c_vendor-prefix/src/zenoh_c_vendor-build/release/target/release/libzenohc.a
-- NATIVE_STATIC_LIBS = rt;pthread;m;dl
-- source_include_dir = /home/robokvant/ws_rmw_zenoh/build/zenoh_c_vendor/zenoh_c_vendor-prefix/src/zenoh_c_vendor/include
-- cargo_generated_include_dir = /home/robokvant/ws_rmw_zenoh/build/zenoh_c_vendor/zenoh_c_vendor-prefix/src/zenoh_c_vendor-build/release/include
-- zenoh-c install
-- ZENOHC_INSTALL_STATIC_LIBRARY = FALSE
-- CMAKE_INSTALL_PREFIX = /home/robokvant/ws_rmw_zenoh/install/zenoh_c_vendor/opt/zenoh_c_vendor
-- zenoh-c tests
-- Performing Test CMAKE_HAVE_LIBC_PTHREAD
-- Performing Test CMAKE_HAVE_LIBC_PTHREAD - Success
-- Found Threads: TRUE  
-- zenoh-c examples
-- Configuring done (0.2s)
-- Generating done (0.0s)
-- Build files have been written to: /home/robokvant/ws_rmw_zenoh/build/zenoh_c_vendor/zenoh_c_vendor-prefix/src/zenoh_c_vendor-build
[ 75%] [34m[1mPerforming build step for 'zenoh_c_vendor'[0m
[100%] [34m[1mGenerating release/target/release/libzenohc.so, release/target/release/libzenohc.a[0m
"RUSTFLAGS = $$RUSTFLAGS"
"cargo build --release --manifest-path=/home/robokvant/ws_rmw_zenoh/build/zenoh_c_vendor/zenoh_c_vendor-prefix/src/zenoh_c_vendor-build/release/Cargo.toml --no-default-features --features=zenoh/shared-memory zenoh/transport_compression zenoh/transport_tcp zenoh/transport_tls --features=logger-autoinit --features=shared-memory"
[1m[32m    Updating[0m crates.io index
[1m[32m    Updating[0m git repository `https://github.com/eclipse-zenoh/zenoh.git`
[1m[32m Downloading[0m crates ...
[1m[32m  Downloaded[0m async-channel v1.9.0
[1m[32m  Downloaded[0m ahash v0.8.7
[1m[32m  Downloaded[0m anyhow v1.0.75
[1m[32m  Downloaded[0m array-init v2.1.0
[1m[32m  Downloaded[0m allocator-api2 v0.2.16
[1m[32m  Downloaded[0m async-process v1.7.0
[1m[32m  Downloaded[0m aes v0.8.3
[1m[32m  Downloaded[0m async-lock v2.8.0
[1m[32m  Downloaded[0m keyed-set v0.4.5
[1m[32m  Downloaded[0m equivalent v1.0.1
[1m[32m  Downloaded[0m matchers v0.1.0
[1m[32m  Downloaded[0m once_cell v1.19.0
[1m[32m  Downloaded[0m git-version-macro v0.3.5
[1m[32m  Downloaded[0m option-ext v0.2.0
[1m[32m  Downloaded[0m zeroize v1.7.0
[1m[32m  Downloaded[0m no-std-net v0.6.0
[1m[32m  Downloaded[0m validated_struct v2.1.0
[1m[32m  Downloaded[0m cpufeatures v0.2.9
[1m[32m  Downloaded[0m unicode-xid v0.2.4
[1m[32m  Downloaded[0m validated_struct_macros v2.1.0
[1m[32m  Downloaded[0m nanorand v0.7.0
[1m[32m  Downloaded[0m memoffset v0.6.5
[1m[32m  Downloaded[0m libloading v0.8.0
[1m[32m  Downloaded[0m lazy_static v1.4.0
[1m[32m  Downloaded[0m kv-log-macro v1.0.7
[1m[32m  Downloaded[0m keccak v0.1.4
[1m[32m  Downloaded[0m json5 v0.4.1
[1m[32m  Downloaded[0m itoa v1.0.9
[1m[32m  Downloaded[0m ipnetwork v0.20.0
[1m[32m  Downloaded[0m inout v0.1.3
[1m[32m  Downloaded[0m iana-time-zone v0.1.57
[1m[32m  Downloaded[0m home v0.5.5
[1m[32m  Downloaded[0m heck v0.4.1
[1m[32m  Downloaded[0m git-version v0.3.5
[1m[32m  Downloaded[0m generic-array v0.14.7
[1m[32m  Downloaded[0m futures-task v0.3.28
[1m[32m  Downloaded[0m futures-sink v0.3.28
[1m[32m  Downloaded[0m futures-macro v0.3.28
[1m[32m  Downloaded[0m futures-executor v0.3.28
[1m[32m  Downloaded[0m futures-core v0.3.28
[1m[32m  Downloaded[0m fs2 v0.4.3
[1m[32m  Downloaded[0m form_urlencoded v1.2.0
[1m[32m  Downloaded[0m fixedbitset v0.4.2
[1m[32m  Downloaded[0m fastrand v2.0.2
[1m[32m  Downloaded[0m io-lifetimes v1.0.11
[1m[32m  Downloaded[0m humantime v2.1.0
[1m[32m  Downloaded[0m getrandom v0.2.10
[1m[32m  Downloaded[0m futures-lite v1.13.0
[1m[32m  Downloaded[0m num_cpus v1.16.0
[1m[32m  Downloaded[0m nu-ansi-term v0.46.0
[1m[32m  Downloaded[0m futures-io v0.3.28
[1m[32m  Downloaded[0m fs_extra v1.3.0
[1m[32m  Downloaded[0m dirs-sys v0.4.1
[1m[32m  Downloaded[0m const_format_proc_macros v0.2.31
[1m[32m  Downloaded[0m async-trait v0.1.73
[1m[32m  Downloaded[0m async-io v1.13.0
[1m[32m  Downloaded[0m fastrand v1.9.0
[1m[32m  Downloaded[0m event-listener v2.5.3
[1m[32m  Downloaded[0m value-bag v1.4.1
[1m[32m  Downloaded[0m lz4_flex v0.11.1
[1m[32m  Downloaded[0m log v0.4.20
[1m[32m  Downloaded[0m num-traits v0.2.16
[1m[32m  Downloaded[0m lock_api v0.4.10
[1m[32m  Downloaded[0m indexmap v1.9.3
[1m[32m  Downloaded[0m hmac v0.12.1
[1m[32m  Downloaded[0m futures-channel v0.3.28
[1m[32m  Downloaded[0m event-listener v4.0.0
[1m[32m  Downloaded[0m crossbeam-utils v0.8.16
[1m[32m  Downloaded[0m flume v0.11.0
[1m[32m  Downloaded[0m version_check v0.9.4
[1m[32m  Downloaded[0m futures v0.3.28
[1m[32m  Downloaded[0m unzip-n v0.1.2
[1m[32m  Downloaded[0m vec_map v0.8.2
[1m[32m  Downloaded[0m blocking v1.3.1
[1m[32m  Downloaded[0m bitflags v2.5.0
[1m[32m  Downloaded[0m bincode v1.3.3
[1m[32m  Downloaded[0m async-task v4.4.0
[1m[32m  Downloaded[0m zerocopy v0.7.32
[1m[32m  Downloaded[0m uuid v1.4.1
[1m[32m  Downloaded[0m untrusted v0.9.0
[1m[32m  Downloaded[0m indexmap v2.0.0
[1m[32m  Downloaded[0m cc v1.0.83
[1m[32m  Downloaded[0m bytes v1.5.0
[1m[32m  Downloaded[0m errno v0.3.8
[1m[32m  Downloaded[0m dyn-clone v1.0.13
[1m[32m  Downloaded[0m dirs v5.0.1
[1m[32m  Downloaded[0m digest v0.10.7
[1m[32m  Downloaded[0m crypto-common v0.1.6
[1m[32m  Downloaded[0m concurrent-queue v2.2.0
[1m[32m  Downloaded[0m clap_lex v0.2.4
[1m[32m  Downloaded[0m cipher v0.4.4
[1m[32m  Downloaded[0m cfg-if v1.0.0
[1m[32m  Downloaded[0m cache-padded v1.3.0
[1m[32m  Downloaded[0m block-buffer v0.10.4
[1m[32m  Downloaded[0m bitflags v1.3.2
[1m[32m  Downloaded[0m autocfg v1.1.0
[1m[32m  Downloaded[0m atty v0.2.14
[1m[32m  Downloaded[0m atomic-waker v1.1.1
[1m[32m  Downloaded[0m async-global-executor v2.3.1
[1m[32m  Downloaded[0m async-executor v1.5.1
[1m[32m  Downloaded[0m aho-corasick v1.0.5
[1m[32m  Downloaded[0m const_format v0.2.31
[1m[32m  Downloaded[0m base64 v0.21.4
[1m[32m  Downloaded[0m waker-fn v1.1.0
[1m[32m  Downloaded[0m unsafe-libyaml v0.2.10
[1m[32m  Downloaded[0m hashbrown v0.14.0
[1m[32m  Downloaded[0m mio v0.8.11
[1m[32m  Downloaded[0m memchr v2.6.3
[1m[32m  Downloaded[0m hashbrown v0.13.2
[1m[32m  Downloaded[0m hashbrown v0.12.3
[1m[32m  Downloaded[0m futures-util v0.3.28
[1m[32m  Downloaded[0m chrono v0.4.38
[1m[32m  Downloaded[0m cbindgen v0.24.5
[1m[32m  Downloaded[0m clap v3.2.25
[1m[32m  Downloaded[0m nix v0.23.2
[1m[32m  Downloaded[0m async-std v1.12.0
[1m[32m  Downloaded[0m stop-token v0.7.0
[1m[32m  Downloaded[0m tracing-serde v0.1.3
[1m[32m  Downloaded[0m libc v0.2.153
[1m[32m  Downloaded[0m token-cell v1.5.0
[1m[32m  Downloaded[0m pnet_base v0.34.0
[1m[32m  Downloaded[0m percent-encoding v2.3.0
[1m[32m  Downloaded[0m linux-raw-sys v0.3.8
[1m[32m  Downloaded[0m ordered-float v4.1.1
[1m[32m  Downloaded[0m paste v1.0.14
[1m[32m  Downloaded[0m rustc_version v0.4.0
[1m[32m  Downloaded[0m ringbuffer-spsc v0.1.9
[1m[32m  Downloaded[0m linux-raw-sys v0.4.13
[1m[32m  Downloaded[0m pnet_sys v0.34.0
[1m[32m  Downloaded[0m pin-utils v0.1.0
[1m[32m  Downloaded[0m rustls-pemfile v2.0.0
[1m[32m  Downloaded[0m rand_core v0.6.4
[1m[32m  Downloaded[0m ppv-lite86 v0.2.17
[1m[32m  Downloaded[0m scopeguard v1.2.0
[1m[32m  Downloaded[0m rand_chacha v0.3.1
[1m[32m  Downloaded[0m proc-macro-hack v0.5.20+deprecated
[1m[32m  Downloaded[0m strsim v0.10.0
[1m[32m  Downloaded[0m schemars_derive v0.8.13
[1m[32m  Downloaded[0m thread_local v1.1.8
[1m[32m  Downloaded[0m sha2 v0.10.7
[1m[32m  Downloaded[0m static_assertions v1.1.0
[1m[32m  Downloaded[0m secrecy v0.8.0
[1m[32m  Downloaded[0m twox-hash v1.6.3
[1m[32m  Downloaded[0m slab v0.4.9
[1m[32m  Downloaded[0m shared_memory v0.12.4
[1m[32m  Downloaded[0m thiserror-impl v1.0.48
[1m[32m  Downloaded[0m parking v2.1.0
[1m[32m  Downloaded[0m pest_meta v2.7.3
[1m[32m  Downloaded[0m pest_derive v2.7.3
[1m[32m  Downloaded[0m pin-project-lite v0.2.13
[1m[32m  Downloaded[0m overload v0.1.1
[1m[32m  Downloaded[0m pest_generator v2.7.3
[1m[32m  Downloaded[0m shellexpand v3.1.0
[1m[32m  Downloaded[0m quote v1.0.33
[1m[32m  Downloaded[0m pnet_datalink v0.34.0
[1m[32m  Downloaded[0m semver v1.0.18
[1m[32m  Downloaded[0m smallvec v1.11.0
[1m[32m  Downloaded[0m spin v0.9.8
[1m[32m  Downloaded[0m tokio-rustls v0.26.0
[1m[32m  Downloaded[0m tracing-log v0.2.0
[1m[32m  Downloaded[0m subtle v2.5.0
[1m[32m  Downloaded[0m uhlc v0.7.0
[1m[32m  Downloaded[0m signal-hook-registry v1.4.1
[1m[32m  Downloaded[0m termcolor v1.4.1
[1m[32m  Downloaded[0m tokio-macros v2.2.0
[1m[32m  Downloaded[0m os_str_bytes v6.6.1
[1m[32m  Downloaded[0m rustls-pki-types v1.7.0
[1m[32m  Downloaded[0m ryu v1.0.15
[1m[32m  Downloaded[0m proc-macro2 v1.0.67
[1m[32m  Downloaded[0m serde_derive_internals v0.26.0
[1m[32m  Downloaded[0m tracing-attributes v0.1.26
[1m[32m  Downloaded[0m socket2 v0.5.6
[1m[32m  Downloaded[0m serde_derive v1.0.188
[1m[32m  Downloaded[0m socket2 v0.4.9
[1m[32m  Downloaded[0m toml v0.5.11
[1m[32m  Downloaded[0m tempfile v3.10.1
[1m[32m  Downloaded[0m thiserror v1.0.48
[1m[32m  Downloaded[0m polling v2.8.0
[1m[32m  Downloaded[0m ron v0.8.1
[1m[32m  Downloaded[0m schemars v0.8.13
[1m[32m  Downloaded[0m sharded-slab v0.1.7
[1m[32m  Downloaded[0m textwrap v0.16.1
[1m[32m  Downloaded[0m unicode-ident v1.0.12
[1m[32m  Downloaded[0m typenum v1.16.0
[1m[32m  Downloaded[0m ucd-trie v0.1.6
[1m[32m  Downloaded[0m signal-hook v0.3.17
[1m[32m  Downloaded[0m serde v1.0.188
[1m[32m  Downloaded[0m tracing-core v0.1.31
[1m[32m  Downloaded[0m serde_yaml v0.9.25
[1m[32m  Downloaded[0m tracing v0.1.37
[1m[32m  Downloaded[0m rand v0.8.5
[1m[32m  Downloaded[0m regex-automata v0.1.10
[1m[32m  Downloaded[0m tokio-util v0.7.10
[1m[32m  Downloaded[0m pest v2.7.3
[1m[32m  Downloaded[0m serde_json v1.0.107
[1m[32m  Downloaded[0m petgraph v0.6.4
[1m[32m  Downloaded[0m webpki-roots v0.26.0
[1m[32m  Downloaded[0m rustls-webpki v0.102.4
[1m[32m  Downloaded[0m tracing-subscriber v0.3.18
[1m[32m  Downloaded[0m syn v1.0.109
[1m[32m  Downloaded[0m syn v2.0.33
[1m[32m  Downloaded[0m regex v1.9.5
[1m[32m  Downloaded[0m regex-syntax v0.6.29
[1m[32m  Downloaded[0m rustix v0.37.25
[1m[32m  Downloaded[0m regex-syntax v0.7.5
[1m[32m  Downloaded[0m rustix v0.38.32
[1m[32m  Downloaded[0m rustls v0.23.9
[1m[32m  Downloaded[0m regex-automata v0.3.8
[1m[32m  Downloaded[0m tokio v1.36.0
[1m[32m  Downloaded[0m sha3 v0.10.8
[1m[32m  Downloaded[0m ring v0.17.6
[1m[32m   Compiling[0m proc-macro2 v1.0.67
[1m[32m   Compiling[0m unicode-ident v1.0.12
[1m[32m   Compiling[0m autocfg v1.1.0
[1m[32m   Compiling[0m libc v0.2.153
[1m[32m   Compiling[0m cfg-if v1.0.0
[1m[32m   Compiling[0m version_check v0.9.4
[1m[32m   Compiling[0m serde v1.0.188
[1m[32m   Compiling[0m once_cell v1.19.0
[1m[32m   Compiling[0m syn v1.0.109
[1m[32m   Compiling[0m pin-project-lite v0.2.13
[1m[32m   Compiling[0m memchr v2.6.3
[1m[32m   Compiling[0m futures-core v0.3.28
[1m[32m   Compiling[0m serde_json v1.0.107
[1m[32m   Compiling[0m value-bag v1.4.1
[1m[32m   Compiling[0m anyhow v1.0.75
[1m[32m   Compiling[0m futures-io v0.3.28
[1m[32m   Compiling[0m ahash v0.8.7
[1m[32m   Compiling[0m crossbeam-utils v0.8.16
[1m[32m   Compiling[0m slab v0.4.9
[1m[32m   Compiling[0m zerocopy v0.7.32
[1m[32m   Compiling[0m paste v1.0.14
[1m[32m   Compiling[0m schemars v0.8.13
[1m[32m   Compiling[0m log v0.4.20
[1m[32m   Compiling[0m bitflags v1.3.2
[1m[32m   Compiling[0m ryu v1.0.15
[1m[32m   Compiling[0m event-listener v2.5.3
[1m[32m   Compiling[0m itoa v1.0.9
[1m[32m   Compiling[0m lock_api v0.4.10
[1m[32m   Compiling[0m allocator-api2 v0.2.16
[1m[32m   Compiling[0m quote v1.0.33
[1m[32m   Compiling[0m parking v2.1.0
[1m[32m   Compiling[0m io-lifetimes v1.0.11
[1m[32m   Compiling[0m syn v2.0.33
[1m[32m   Compiling[0m concurrent-queue v2.2.0
[1m[32m   Compiling[0m hashbrown v0.14.0
[1m[32m   Compiling[0m waker-fn v1.1.0
[1m[32m   Compiling[0m futures-channel v0.3.28
[1m[32m   Compiling[0m fastrand v1.9.0
[1m[32m   Compiling[0m scopeguard v1.2.0
[1m[32m   Compiling[0m futures-sink v0.3.28
[1m[32m   Compiling[0m futures-task v0.3.28
[1m[32m   Compiling[0m zenoh-result v0.11.0-dev (https://github.com/eclipse-zenoh/zenoh.git?branch=main#e66745eb)
[1m[32m   Compiling[0m async-lock v2.8.0
[1m[32m   Compiling[0m polling v2.8.0
[1m[32m   Compiling[0m futures-lite v1.13.0
[1m[32m   Compiling[0m thiserror v1.0.48
[1m[32m   Compiling[0m futures-util v0.3.28
[1m[32m   Compiling[0m lazy_static v1.4.0
[1m[32m   Compiling[0m rustix v0.37.25
[1m[32m   Compiling[0m pin-utils v0.1.0
[1m[32m   Compiling[0m bytes v1.5.0
[1m[32m   Compiling[0m spin v0.9.8
[1m[32m   Compiling[0m getrandom v0.2.10
[1m[32m   Compiling[0m async-io v1.13.0
[1m[32m   Compiling[0m zenoh-collections v0.11.0-dev (https://github.com/eclipse-zenoh/zenoh.git?branch=main#e66745eb)
[1m[32m   Compiling[0m linux-raw-sys v0.3.8
[1m[32m   Compiling[0m ppv-lite86 v0.2.17
[1m[32m   Compiling[0m socket2 v0.5.6
[1m[32m   Compiling[0m mio v0.8.11
[1m[32m   Compiling[0m num_cpus v1.16.0
[1m[32m   Compiling[0m rand_core v0.6.4
[1m[32m   Compiling[0m rand_chacha v0.3.1
[1m[32m   Compiling[0m socket2 v0.4.9
[1m[32m   Compiling[0m async-channel v1.9.0
[1m[32m   Compiling[0m hashbrown v0.13.2
[1m[32m   Compiling[0m tracing-core v0.1.31
[1m[32m   Compiling[0m async-task v4.4.0
[1m[32m   Compiling[0m dyn-clone v1.0.13
[1m[32m   Compiling[0m rand v0.8.5
[1m[32m   Compiling[0m token-cell v1.5.0
[1m[32m   Compiling[0m atomic-waker v1.1.1
[1m[32m   Compiling[0m base64 v0.21.4
[1m[32m   Compiling[0m zenoh-macros v0.11.0-dev (https://github.com/eclipse-zenoh/zenoh.git?branch=main#e66745eb)
[1m[32m   Compiling[0m blocking v1.3.1
[1m[32m   Compiling[0m keyed-set v0.4.5
[1m[32m   Compiling[0m async-executor v1.5.1
[1m[32m   Compiling[0m typenum v1.16.0
[1m[32m   Compiling[0m cc v1.0.83
[1m[32m   Compiling[0m generic-array v0.14.7
[1m[32m   Compiling[0m ucd-trie v0.1.6
[1m[32m   Compiling[0m signal-hook v0.3.17
[1m[32m   Compiling[0m signal-hook-registry v1.4.1
[1m[32m   Compiling[0m aho-corasick v1.0.5
[1m[32m   Compiling[0m memoffset v0.6.5
[1m[32m   Compiling[0m async-process v1.7.0
[1m[32m   Compiling[0m humantime v2.1.0
[1m[32m   Compiling[0m regex-syntax v0.7.5
[1m[32m   Compiling[0m unicode-xid v0.2.4
[1m[32m   Compiling[0m regex-syntax v0.6.29
[1m[32m   Compiling[0m subtle v2.5.0
[1m[32m   Compiling[0m option-ext v0.2.0
[1m[32m   Compiling[0m const_format_proc_macros v0.2.31
[1m[32m   Compiling[0m dirs-sys v0.4.1
[1m[32m   Compiling[0m zenoh-buffers v0.11.0-dev (https://github.com/eclipse-zenoh/zenoh.git?branch=main#e66745eb)
[1m[32m   Compiling[0m serde_derive_internals v0.26.0
[1m[32m   Compiling[0m ring v0.17.6
[1m[32m   Compiling[0m async-trait v0.1.73
[1m[32m   Compiling[0m rustls-pki-types v1.7.0
[1m[32m   Compiling[0m overload v0.1.1
[1m[32m   Compiling[0m no-std-net v0.6.0
[1m[32m   Compiling[0m pnet_base v0.34.0
[1m[32m   Compiling[0m nu-ansi-term v0.46.0
[1m[32m   Compiling[0m const_format v0.2.31
[1m[32m   Compiling[0m dirs v5.0.1
[1m[32m   Compiling[0m tracing-log v0.2.0
[1m[32m   Compiling[0m nanorand v0.7.0
[1m[32m   Compiling[0m regex-automata v0.1.10
[1m[32m   Compiling[0m pnet_sys v0.34.0
[1m[32m   Compiling[0m sharded-slab v0.1.7
[1m[32m   Compiling[0m regex-automata v0.3.8
[1m[32m   Compiling[0m kv-log-macro v1.0.7
[1m[32m   Compiling[0m thread_local v1.1.8
[1m[32m   Compiling[0m smallvec v1.11.0
[1m[32m   Compiling[0m equivalent v1.0.1
[1m[32m   Compiling[0m untrusted v0.9.0
[1m[32m   Compiling[0m matchers v0.1.0
[1m[32m   Compiling[0m zeroize v1.7.0
[1m[32m   Compiling[0m indexmap v2.0.0
[1m[32m   Compiling[0m flume v0.11.0
[1m[32m   Compiling[0m shellexpand v3.1.0
[1m[32m   Compiling[0m nix v0.23.2
[1m[32m   Compiling[0m libloading v0.8.0
[1m[32m   Compiling[0m home v0.5.5
[1m[32m   Compiling[0m rustls v0.23.9
[1m[32m   Compiling[0m crypto-common v0.1.6
[1m[32m   Compiling[0m unsafe-libyaml v0.2.10
[1m[32m   Compiling[0m block-buffer v0.10.4
[1m[32m   Compiling[0m event-listener v4.0.0
[1m[32m   Compiling[0m semver v1.0.18
[1m[32m   Compiling[0m digest v0.10.7
[1m[32m   Compiling[0m inout v0.1.3
[1m[32m   Compiling[0m serde_derive v1.0.188
[1m[32m   Compiling[0m tokio-macros v2.2.0
[1m[32m   Compiling[0m futures-macro v0.3.28
[1m[32m   Compiling[0m schemars_derive v0.8.13
[1m[32m   Compiling[0m thiserror-impl v1.0.48
[1m[32m   Compiling[0m tokio v1.36.0
[1m[32m   Compiling[0m tracing-attributes v0.1.26
[1m[32m   Compiling[0m regex v1.9.5
[1m[32m   Compiling[0m unzip-n v0.1.2
[1m[32m   Compiling[0m pest v2.7.3
[1m[32m   Compiling[0m validated_struct_macros v2.1.0
[1m[32m   Compiling[0m num-traits v0.2.16
[1m[32m   Compiling[0m shared_memory v0.12.4
[1m[32m   Compiling[0m indexmap v1.9.3
[1m[32m   Compiling[0m pest_meta v2.7.3
[1m[32m   Compiling[0m rustix v0.38.32
[1m[32m   Compiling[0m tracing v0.1.37
[1m[32m   Compiling[0m proc-macro-hack v0.5.20+deprecated
[1m[32m   Compiling[0m cipher v0.4.4
[1m[32m   Compiling[0m rustls-pemfile v2.0.0
[1m[32m   Compiling[0m webpki-roots v0.26.0
[1m[32m   Compiling[0m linux-raw-sys v0.4.13
[1m[32m   Compiling[0m keccak v0.1.4
[1m[32m   Compiling[0m os_str_bytes v6.6.1
[1m[32m   Compiling[0m pest_generator v2.7.3
[1m[32m   Compiling[0m bitflags v2.5.0
[1m[32m   Compiling[0m hashbrown v0.12.3
[1m[32m   Compiling[0m static_assertions v1.1.0
[1m[32m   Compiling[0m cpufeatures v0.2.9
[1m[32m   Compiling[0m twox-hash v1.6.3
[1m[32m   Compiling[0m aes v0.8.3
[1m[32m   Compiling[0m clap_lex v0.2.4
[1m[32m   Compiling[0m sha3 v0.10.8
[1m[32m   Compiling[0m rustc_version v0.4.0
[1m[32m   Compiling[0m futures-executor v0.3.28
[1m[32m   Compiling[0m futures v0.3.28
[1m[32m   Compiling[0m hmac v0.12.1
[1m[32m   Compiling[0m atty v0.2.14
[1m[32m   Compiling[0m array-init v2.1.0
[1m[32m   Compiling[0m strsim v0.10.0
[1m[32m   Compiling[0m textwrap v0.16.1
[1m[32m   Compiling[0m fastrand v2.0.2
[1m[32m   Compiling[0m async-global-executor v2.3.1
[1m[32m   Compiling[0m tokio-util v0.7.10
[1m[32m   Compiling[0m pest_derive v2.7.3
[1m[32m   Compiling[0m async-std v1.12.0
[1m[32m   Compiling[0m termcolor v1.4.1
[1m[32m   Compiling[0m cbindgen v0.24.5
[1m[32m   Compiling[0m rustls-webpki v0.102.4
[1m[32m   Compiling[0m cache-padded v1.3.0
[1m[32m   Compiling[0m clap v3.2.25
[1m[32m   Compiling[0m ringbuffer-spsc v0.1.9
[1m[32m   Compiling[0m tempfile v3.10.1
[1m[32m   Compiling[0m git-version-macro v0.3.5
[1m[32m   Compiling[0m zenoh-crypto v0.11.0-dev (https://github.com/eclipse-zenoh/zenoh.git?branch=main#e66745eb)
[1m[32m   Compiling[0m zenoh v0.11.0-dev (https://github.com/eclipse-zenoh/zenoh.git?branch=main#e66745eb)
[1m[32m   Compiling[0m lz4_flex v0.11.1
[1m[32m   Compiling[0m percent-encoding v2.3.0
[1m[32m   Compiling[0m fixedbitset v0.4.2
[1m[32m   Compiling[0m toml v0.5.11
[1m[32m   Compiling[0m heck v0.4.1
[1m[32m   Compiling[0m petgraph v0.6.4
[1m[32m   Compiling[0m ron v0.8.1
[1m[32m   Compiling[0m tracing-serde v0.1.3
[1m[32m   Compiling[0m ipnetwork v0.20.0
[1m[32m   Compiling[0m uhlc v0.7.0
[1m[32m   Compiling[0m pnet_datalink v0.34.0
[1m[32m   Compiling[0m tracing-subscriber v0.3.18
[1m[32m   Compiling[0m json5 v0.4.1
[1m[32m   Compiling[0m zenoh-keyexpr v0.11.0-dev (https://github.com/eclipse-zenoh/zenoh.git?branch=main#e66745eb)
[1m[32m   Compiling[0m zenoh-shm v0.11.0-dev (https://github.com/eclipse-zenoh/zenoh.git?branch=main#e66745eb)
[1m[32m   Compiling[0m validated_struct v2.1.0
[1m[32m   Compiling[0m secrecy v0.8.0
[1m[32m   Compiling[0m serde_yaml v0.9.25
[1m[32m   Compiling[0m tokio-rustls v0.26.0
[1m[32m   Compiling[0m form_urlencoded v1.2.0
[1m[32m   Compiling[0m git-version v0.3.5
[1m[32m   Compiling[0m ordered-float v4.1.1
[1m[32m   Compiling[0m stop-token v0.7.0
[1m[32m   Compiling[0m uuid v1.4.1
[1m[32m   Compiling[0m fs2 v0.4.3
[1m[32m   Compiling[0m fs_extra v1.3.0
[1m[32m   Compiling[0m vec_map v0.8.2
[1m[32m   Compiling[0m bincode v1.3.3
[1m[32m   Compiling[0m iana-time-zone v0.1.57
[1m[32m   Compiling[0m zenoh-protocol v0.11.0-dev (https://github.com/eclipse-zenoh/zenoh.git?branch=main#e66745eb)
[1m[32m   Compiling[0m chrono v0.4.38
[1m[32m   Compiling[0m zenoh-codec v0.11.0-dev (https://github.com/eclipse-zenoh/zenoh.git?branch=main#e66745eb)
[1m[32m   Compiling[0m zenoh-runtime v0.11.0-dev (https://github.com/eclipse-zenoh/zenoh.git?branch=main#e66745eb)
[1m[32m   Compiling[0m zenoh-core v0.11.0-dev (https://github.com/eclipse-zenoh/zenoh.git?branch=main#e66745eb)
[1m[32m   Compiling[0m zenoh-util v0.11.0-dev (https://github.com/eclipse-zenoh/zenoh.git?branch=main#e66745eb)
[1m[32m   Compiling[0m zenoh-sync v0.11.0-dev (https://github.com/eclipse-zenoh/zenoh.git?branch=main#e66745eb)
[1m[32m   Compiling[0m zenoh-task v0.11.0-dev (https://github.com/eclipse-zenoh/zenoh.git?branch=main#e66745eb)
[1m[32m   Compiling[0m zenoh-config v0.11.0-dev (https://github.com/eclipse-zenoh/zenoh.git?branch=main#e66745eb)
[1m[32m   Compiling[0m zenoh-plugin-trait v0.11.0-dev (https://github.com/eclipse-zenoh/zenoh.git?branch=main#e66745eb)
[1m[32m   Compiling[0m zenoh-c v0.11.0-dev (/home/robokvant/ws_rmw_zenoh/build/zenoh_c_vendor/zenoh_c_vendor-prefix/src/zenoh_c_vendor-build/release)
[1m[32m   Compiling[0m zenoh-link-commons v0.11.0-dev (https://github.com/eclipse-zenoh/zenoh.git?branch=main#e66745eb)
[1m[32m   Compiling[0m zenoh-link-tls v0.11.0-dev (https://github.com/eclipse-zenoh/zenoh.git?branch=main#e66745eb)
[1m[32m   Compiling[0m zenoh-link-tcp v0.11.0-dev (https://github.com/eclipse-zenoh/zenoh.git?branch=main#e66745eb)
[1m[32m   Compiling[0m zenoh-link v0.11.0-dev (https://github.com/eclipse-zenoh/zenoh.git?branch=main#e66745eb)
[1m[32m   Compiling[0m zenoh-transport v0.11.0-dev (https://github.com/eclipse-zenoh/zenoh.git?branch=main#e66745eb)
[1m[32m   Compiling[0m zenoh-ext v0.11.0-dev (https://github.com/eclipse-zenoh/zenoh.git?branch=main#e66745eb)
[1m[32m    Finished[0m release [optimized] target(s) in 3m 34s
[100%] Built target cargo
[ 87%] [34m[1mPerforming install step for 'zenoh_c_vendor'[0m
[100%] Built target cargo
[36mInstall the project...[0m
-- Install configuration: "Release"
-- Installing: /home/robokvant/ws_rmw_zenoh/build/zenoh_c_vendor/zenoh_c_vendor-prefix/install/include
-- Installing: /home/robokvant/ws_rmw_zenoh/build/zenoh_c_vendor/zenoh_c_vendor-prefix/install/include/zenoh_macros.h
-- Installing: /home/robokvant/ws_rmw_zenoh/build/zenoh_c_vendor/zenoh_c_vendor-prefix/install/include/zenoh_concrete.h
-- Installing: /home/robokvant/ws_rmw_zenoh/build/zenoh_c_vendor/zenoh_c_vendor-prefix/install/include/zenoh.h
-- Installing: /home/robokvant/ws_rmw_zenoh/build/zenoh_c_vendor/zenoh_c_vendor-prefix/install/include/zenoh_commons.h
-- Installing: /home/robokvant/ws_rmw_zenoh/build/zenoh_c_vendor/zenoh_c_vendor-prefix/install/include/zenoh_memory.h
-- Up-to-date: /home/robokvant/ws_rmw_zenoh/build/zenoh_c_vendor/zenoh_c_vendor-prefix/install/include
-- Installing: /home/robokvant/ws_rmw_zenoh/build/zenoh_c_vendor/zenoh_c_vendor-prefix/install/include/zenoh_configure.h
-- Installing: /home/robokvant/ws_rmw_zenoh/build/zenoh_c_vendor/zenoh_c_vendor-prefix/install/include/zenoh_concrete.h
-- Installing: /home/robokvant/ws_rmw_zenoh/build/zenoh_c_vendor/zenoh_c_vendor-prefix/install/include/zenoh_commons.h
-- Installing: /home/robokvant/ws_rmw_zenoh/build/zenoh_c_vendor/zenoh_c_vendor-prefix/install/lib/libzenohc.so
-- Installing: /home/robokvant/ws_rmw_zenoh/build/zenoh_c_vendor/zenoh_c_vendor-prefix/install/lib/cmake/zenohc/zenohcConfig.cmake
-- Installing: /home/robokvant/ws_rmw_zenoh/build/zenoh_c_vendor/zenoh_c_vendor-prefix/install/lib/cmake/zenohc/zenohcConfigVersion.cmake
-- Installing: /home/robokvant/ws_rmw_zenoh/build/zenoh_c_vendor/zenoh_c_vendor-prefix/install/lib/pkgconfig/zenohc.pc
[100%] [34m[1mCompleted 'zenoh_c_vendor'[0m
[100%] Built target zenoh_c_vendor
-- Install configuration: "Release"
-- Installing: /home/robokvant/ws_rmw_zenoh/install/zenoh_c_vendor/opt/zenoh_c_vendor
-- Installing: /home/robokvant/ws_rmw_zenoh/install/zenoh_c_vendor/opt/zenoh_c_vendor/include
-- Installing: /home/robokvant/ws_rmw_zenoh/install/zenoh_c_vendor/opt/zenoh_c_vendor/include/zenoh_macros.h
-- Installing: /home/robokvant/ws_rmw_zenoh/install/zenoh_c_vendor/opt/zenoh_c_vendor/include/zenoh_configure.h
-- Installing: /home/robokvant/ws_rmw_zenoh/install/zenoh_c_vendor/opt/zenoh_c_vendor/include/zenoh_concrete.h
-- Installing: /home/robokvant/ws_rmw_zenoh/install/zenoh_c_vendor/opt/zenoh_c_vendor/include/zenoh.h
-- Installing: /home/robokvant/ws_rmw_zenoh/install/zenoh_c_vendor/opt/zenoh_c_vendor/include/zenoh_commons.h
-- Installing: /home/robokvant/ws_rmw_zenoh/install/zenoh_c_vendor/opt/zenoh_c_vendor/include/zenoh_memory.h
-- Installing: /home/robokvant/ws_rmw_zenoh/install/zenoh_c_vendor/opt/zenoh_c_vendor/lib
-- Installing: /home/robokvant/ws_rmw_zenoh/install/zenoh_c_vendor/opt/zenoh_c_vendor/lib/pkgconfig
-- Installing: /home/robokvant/ws_rmw_zenoh/install/zenoh_c_vendor/opt/zenoh_c_vendor/lib/pkgconfig/zenohc.pc
-- Installing: /home/robokvant/ws_rmw_zenoh/install/zenoh_c_vendor/opt/zenoh_c_vendor/lib/cmake
-- Installing: /home/robokvant/ws_rmw_zenoh/install/zenoh_c_vendor/opt/zenoh_c_vendor/lib/cmake/zenohc
-- Installing: /home/robokvant/ws_rmw_zenoh/install/zenoh_c_vendor/opt/zenoh_c_vendor/lib/cmake/zenohc/zenohcConfig.cmake
-- Installing: /home/robokvant/ws_rmw_zenoh/install/zenoh_c_vendor/opt/zenoh_c_vendor/lib/cmake/zenohc/zenohcConfigVersion.cmake
-- Installing: /home/robokvant/ws_rmw_zenoh/install/zenoh_c_vendor/opt/zenoh_c_vendor/lib/libzenohc.so
-- Installing: /home/robokvant/ws_rmw_zenoh/install/zenoh_c_vendor/share/zenoh_c_vendor/environment/vendor_package.bat
-- Installing: /home/robokvant/ws_rmw_zenoh/install/zenoh_c_vendor/share/zenoh_c_vendor/environment/vendor_package.dsv
-- Installing: /home/robokvant/ws_rmw_zenoh/install/zenoh_c_vendor/share/zenoh_c_vendor/environment/vendor_package.sh
-- Installing: /home/robokvant/ws_rmw_zenoh/install/zenoh_c_vendor/share/ament_index/resource_index/vendor_packages/zenoh_c_vendor
-- Installing: /home/robokvant/ws_rmw_zenoh/install/zenoh_c_vendor/share/ament_index/resource_index/package_run_dependencies/zenoh_c_vendor
-- Installing: /home/robokvant/ws_rmw_zenoh/install/zenoh_c_vendor/share/ament_index/resource_index/parent_prefix_path/zenoh_c_vendor
-- Installing: /home/robokvant/ws_rmw_zenoh/install/zenoh_c_vendor/share/zenoh_c_vendor/environment/ament_prefix_path.sh
-- Installing: /home/robokvant/ws_rmw_zenoh/install/zenoh_c_vendor/share/zenoh_c_vendor/environment/ament_prefix_path.dsv
-- Installing: /home/robokvant/ws_rmw_zenoh/install/zenoh_c_vendor/share/zenoh_c_vendor/environment/path.sh
-- Installing: /home/robokvant/ws_rmw_zenoh/install/zenoh_c_vendor/share/zenoh_c_vendor/environment/path.dsv
-- Installing: /home/robokvant/ws_rmw_zenoh/install/zenoh_c_vendor/share/zenoh_c_vendor/local_setup.bash
-- Installing: /home/robokvant/ws_rmw_zenoh/install/zenoh_c_vendor/share/zenoh_c_vendor/local_setup.sh
-- Installing: /home/robokvant/ws_rmw_zenoh/install/zenoh_c_vendor/share/zenoh_c_vendor/local_setup.zsh
-- Installing: /home/robokvant/ws_rmw_zenoh/install/zenoh_c_vendor/share/zenoh_c_vendor/local_setup.dsv
-- Installing: /home/robokvant/ws_rmw_zenoh/install/zenoh_c_vendor/share/zenoh_c_vendor/package.dsv
-- Installing: /home/robokvant/ws_rmw_zenoh/install/zenoh_c_vendor/share/ament_index/resource_index/packages/zenoh_c_vendor
-- Installing: /home/robokvant/ws_rmw_zenoh/install/zenoh_c_vendor/share/zenoh_c_vendor/cmake/vendor_package_cmake_prefix.cmake
-- Installing: /home/robokvant/ws_rmw_zenoh/install/zenoh_c_vendor/share/zenoh_c_vendor/cmake/zenoh_c_vendorConfig.cmake
-- Installing: /home/robokvant/ws_rmw_zenoh/install/zenoh_c_vendor/share/zenoh_c_vendor/cmake/zenoh_c_vendorConfig-version.cmake
-- Installing: /home/robokvant/ws_rmw_zenoh/install/zenoh_c_vendor/share/zenoh_c_vendor/package.xml
