[0.110s] DEBUG:colcon:Command line arguments: ['/usr/bin/colcon', 'list', '-p', '--base-paths', '/home/robokvant/Documents/ws_rmw_zenoh']
[0.110s] DEBUG:colcon:Parsed command line arguments: Namespace(log_base=None, log_level=None, verb_name='list', build_base='build', ignore_user_meta=False, metas=['./colcon.meta'], base_paths=['/home/robokvant/Documents/ws_rmw_zenoh'], packages_ignore=None, packages_ignore_regex=None, paths=None, packages_up_to=None, packages_up_to_regex=None, packages_above=None, packages_above_and_dependencies=None, packages_above_depth=None, packages_select_by_dep=None, packages_skip_by_dep=None, packages_skip_up_to=None, packages_select_build_failed=False, packages_skip_build_finished=False, packages_select_test_failures=False, packages_skip_test_passed=False, packages_select=None, packages_skip=None, packages_select_regex=None, packages_skip_regex=None, packages_start=None, packages_end=None, topological_order=False, names_only=False, paths_only=True, topological_graph=False, topological_graph_dot=False, topological_graph_density=False, topological_graph_legend=False, topological_graph_dot_cluster=False, topological_graph_dot_include_skipped=False, verb_parser=<colcon_defaults.argument_parser.defaults.DefaultArgumentsDecorator object at 0x7fd1054ff260>, verb_extension=<colcon_package_information.verb.list.ListVerb object at 0x7fd1054fe3c0>, main=<bound method ListVerb.main of <colcon_package_information.verb.list.ListVerb object at 0x7fd1054fe3c0>>)
[0.158s] Level 1:colcon.colcon_core.package_discovery:discover_packages(colcon_meta) check parameters
[0.158s] Level 1:colcon.colcon_core.package_discovery:discover_packages(recursive) check parameters
[0.158s] Level 1:colcon.colcon_core.package_discovery:discover_packages(ignore) check parameters
[0.158s] Level 1:colcon.colcon_core.package_discovery:discover_packages(path) check parameters
[0.158s] Level 1:colcon.colcon_core.package_discovery:discover_packages(recursive) discover
[0.158s] INFO:colcon.colcon_core.package_discovery:Crawling recursively for packages in '/home/robokvant/Documents/ws_rmw_zenoh'
[0.159s] Level 1:colcon.colcon_core.package_identification:_identify(/home/robokvant/Documents/ws_rmw_zenoh) by extensions ['ignore', 'ignore_ament_install']
[0.159s] Level 1:colcon.colcon_core.package_identification:_identify(/home/robokvant/Documents/ws_rmw_zenoh) by extension 'ignore'
[0.159s] Level 1:colcon.colcon_core.package_identification:_identify(/home/robokvant/Documents/ws_rmw_zenoh) by extension 'ignore_ament_install'
[0.159s] Level 1:colcon.colcon_core.package_identification:_identify(/home/robokvant/Documents/ws_rmw_zenoh) by extensions ['colcon_pkg']
[0.159s] Level 1:colcon.colcon_core.package_identification:_identify(/home/robokvant/Documents/ws_rmw_zenoh) by extension 'colcon_pkg'
[0.159s] Level 1:colcon.colcon_core.package_identification:_identify(/home/robokvant/Documents/ws_rmw_zenoh) by extensions ['colcon_meta']
[0.159s] Level 1:colcon.colcon_core.package_identification:_identify(/home/robokvant/Documents/ws_rmw_zenoh) by extension 'colcon_meta'
[0.159s] Level 1:colcon.colcon_core.package_identification:_identify(/home/robokvant/Documents/ws_rmw_zenoh) by extensions ['ros']
[0.159s] Level 1:colcon.colcon_core.package_identification:_identify(/home/robokvant/Documents/ws_rmw_zenoh) by extension 'ros'
[0.191s] Level 1:colcon.colcon_core.package_identification:_identify(/home/robokvant/Documents/ws_rmw_zenoh) by extensions ['cmake', 'python']
[0.191s] Level 1:colcon.colcon_core.package_identification:_identify(/home/robokvant/Documents/ws_rmw_zenoh) by extension 'cmake'
[0.191s] Level 1:colcon.colcon_core.package_identification:_identify(/home/robokvant/Documents/ws_rmw_zenoh) by extension 'python'
[0.192s] Level 1:colcon.colcon_core.package_identification:_identify(/home/robokvant/Documents/ws_rmw_zenoh) by extensions ['python_setup_py']
[0.192s] Level 1:colcon.colcon_core.package_identification:_identify(/home/robokvant/Documents/ws_rmw_zenoh) by extension 'python_setup_py'
[0.192s] Level 1:colcon.colcon_core.package_identification:_identify(/home/robokvant/Documents/ws_rmw_zenoh/build) by extensions ['ignore', 'ignore_ament_install']
[0.192s] Level 1:colcon.colcon_core.package_identification:_identify(/home/robokvant/Documents/ws_rmw_zenoh/build) by extension 'ignore'
[0.192s] Level 1:colcon.colcon_core.package_identification:_identify(/home/robokvant/Documents/ws_rmw_zenoh/build) ignored
[0.192s] Level 1:colcon.colcon_core.package_identification:_identify(/home/robokvant/Documents/ws_rmw_zenoh/install) by extensions ['ignore', 'ignore_ament_install']
[0.192s] Level 1:colcon.colcon_core.package_identification:_identify(/home/robokvant/Documents/ws_rmw_zenoh/install) by extension 'ignore'
[0.192s] Level 1:colcon.colcon_core.package_identification:_identify(/home/robokvant/Documents/ws_rmw_zenoh/install) ignored
[0.192s] Level 1:colcon.colcon_core.package_identification:_identify(/home/robokvant/Documents/ws_rmw_zenoh/log) by extensions ['ignore', 'ignore_ament_install']
[0.193s] Level 1:colcon.colcon_core.package_identification:_identify(/home/robokvant/Documents/ws_rmw_zenoh/log) by extension 'ignore'
[0.193s] Level 1:colcon.colcon_core.package_identification:_identify(/home/robokvant/Documents/ws_rmw_zenoh/log) ignored
[0.193s] Level 1:colcon.colcon_core.package_identification:_identify(/home/robokvant/Documents/ws_rmw_zenoh/src) by extensions ['ignore', 'ignore_ament_install']
[0.193s] Level 1:colcon.colcon_core.package_identification:_identify(/home/robokvant/Documents/ws_rmw_zenoh/src) by extension 'ignore'
[0.193s] Level 1:colcon.colcon_core.package_identification:_identify(/home/robokvant/Documents/ws_rmw_zenoh/src) by extension 'ignore_ament_install'
[0.193s] Level 1:colcon.colcon_core.package_identification:_identify(/home/robokvant/Documents/ws_rmw_zenoh/src) by extensions ['colcon_pkg']
[0.193s] Level 1:colcon.colcon_core.package_identification:_identify(/home/robokvant/Documents/ws_rmw_zenoh/src) by extension 'colcon_pkg'
[0.193s] Level 1:colcon.colcon_core.package_identification:_identify(/home/robokvant/Documents/ws_rmw_zenoh/src) by extensions ['colcon_meta']
[0.193s] Level 1:colcon.colcon_core.package_identification:_identify(/home/robokvant/Documents/ws_rmw_zenoh/src) by extension 'colcon_meta'
[0.193s] Level 1:colcon.colcon_core.package_identification:_identify(/home/robokvant/Documents/ws_rmw_zenoh/src) by extensions ['ros']
[0.193s] Level 1:colcon.colcon_core.package_identification:_identify(/home/robokvant/Documents/ws_rmw_zenoh/src) by extension 'ros'
[0.193s] Level 1:colcon.colcon_core.package_identification:_identify(/home/robokvant/Documents/ws_rmw_zenoh/src) by extensions ['cmake', 'python']
[0.194s] Level 1:colcon.colcon_core.package_identification:_identify(/home/robokvant/Documents/ws_rmw_zenoh/src) by extension 'cmake'
[0.194s] Level 1:colcon.colcon_core.package_identification:_identify(/home/robokvant/Documents/ws_rmw_zenoh/src) by extension 'python'
[0.194s] Level 1:colcon.colcon_core.package_identification:_identify(/home/robokvant/Documents/ws_rmw_zenoh/src) by extensions ['python_setup_py']
[0.194s] Level 1:colcon.colcon_core.package_identification:_identify(/home/robokvant/Documents/ws_rmw_zenoh/src) by extension 'python_setup_py'
[0.194s] Level 1:colcon.colcon_core.package_identification:_identify(/home/robokvant/Documents/ws_rmw_zenoh/src/rmw_zenoh) by extensions ['ignore', 'ignore_ament_install']
[0.194s] Level 1:colcon.colcon_core.package_identification:_identify(/home/robokvant/Documents/ws_rmw_zenoh/src/rmw_zenoh) by extension 'ignore'
[0.194s] Level 1:colcon.colcon_core.package_identification:_identify(/home/robokvant/Documents/ws_rmw_zenoh/src/rmw_zenoh) by extension 'ignore_ament_install'
[0.194s] Level 1:colcon.colcon_core.package_identification:_identify(/home/robokvant/Documents/ws_rmw_zenoh/src/rmw_zenoh) by extensions ['colcon_pkg']
[0.194s] Level 1:colcon.colcon_core.package_identification:_identify(/home/robokvant/Documents/ws_rmw_zenoh/src/rmw_zenoh) by extension 'colcon_pkg'
[0.194s] Level 1:colcon.colcon_core.package_identification:_identify(/home/robokvant/Documents/ws_rmw_zenoh/src/rmw_zenoh) by extensions ['colcon_meta']
[0.194s] Level 1:colcon.colcon_core.package_identification:_identify(/home/robokvant/Documents/ws_rmw_zenoh/src/rmw_zenoh) by extension 'colcon_meta'
[0.194s] Level 1:colcon.colcon_core.package_identification:_identify(/home/robokvant/Documents/ws_rmw_zenoh/src/rmw_zenoh) by extensions ['ros']
[0.194s] Level 1:colcon.colcon_core.package_identification:_identify(/home/robokvant/Documents/ws_rmw_zenoh/src/rmw_zenoh) by extension 'ros'
[0.195s] Level 1:colcon.colcon_core.package_identification:_identify(/home/robokvant/Documents/ws_rmw_zenoh/src/rmw_zenoh) by extensions ['cmake', 'python']
[0.195s] Level 1:colcon.colcon_core.package_identification:_identify(/home/robokvant/Documents/ws_rmw_zenoh/src/rmw_zenoh) by extension 'cmake'
[0.195s] Level 1:colcon.colcon_core.package_identification:_identify(/home/robokvant/Documents/ws_rmw_zenoh/src/rmw_zenoh) by extension 'python'
[0.195s] Level 1:colcon.colcon_core.package_identification:_identify(/home/robokvant/Documents/ws_rmw_zenoh/src/rmw_zenoh) by extensions ['python_setup_py']
[0.195s] Level 1:colcon.colcon_core.package_identification:_identify(/home/robokvant/Documents/ws_rmw_zenoh/src/rmw_zenoh) by extension 'python_setup_py'
[0.195s] Level 1:colcon.colcon_core.package_identification:_identify(/home/robokvant/Documents/ws_rmw_zenoh/src/rmw_zenoh/docs) by extensions ['ignore', 'ignore_ament_install']
[0.195s] Level 1:colcon.colcon_core.package_identification:_identify(/home/robokvant/Documents/ws_rmw_zenoh/src/rmw_zenoh/docs) by extension 'ignore'
[0.195s] Level 1:colcon.colcon_core.package_identification:_identify(/home/robokvant/Documents/ws_rmw_zenoh/src/rmw_zenoh/docs) by extension 'ignore_ament_install'
[0.195s] Level 1:colcon.colcon_core.package_identification:_identify(/home/robokvant/Documents/ws_rmw_zenoh/src/rmw_zenoh/docs) by extensions ['colcon_pkg']
[0.195s] Level 1:colcon.colcon_core.package_identification:_identify(/home/robokvant/Documents/ws_rmw_zenoh/src/rmw_zenoh/docs) by extension 'colcon_pkg'
[0.196s] Level 1:colcon.colcon_core.package_identification:_identify(/home/robokvant/Documents/ws_rmw_zenoh/src/rmw_zenoh/docs) by extensions ['colcon_meta']
[0.196s] Level 1:colcon.colcon_core.package_identification:_identify(/home/robokvant/Documents/ws_rmw_zenoh/src/rmw_zenoh/docs) by extension 'colcon_meta'
[0.196s] Level 1:colcon.colcon_core.package_identification:_identify(/home/robokvant/Documents/ws_rmw_zenoh/src/rmw_zenoh/docs) by extensions ['ros']
[0.196s] Level 1:colcon.colcon_core.package_identification:_identify(/home/robokvant/Documents/ws_rmw_zenoh/src/rmw_zenoh/docs) by extension 'ros'
[0.196s] Level 1:colcon.colcon_core.package_identification:_identify(/home/robokvant/Documents/ws_rmw_zenoh/src/rmw_zenoh/docs) by extensions ['cmake', 'python']
[0.196s] Level 1:colcon.colcon_core.package_identification:_identify(/home/robokvant/Documents/ws_rmw_zenoh/src/rmw_zenoh/docs) by extension 'cmake'
[0.196s] Level 1:colcon.colcon_core.package_identification:_identify(/home/robokvant/Documents/ws_rmw_zenoh/src/rmw_zenoh/docs) by extension 'python'
[0.196s] Level 1:colcon.colcon_core.package_identification:_identify(/home/robokvant/Documents/ws_rmw_zenoh/src/rmw_zenoh/docs) by extensions ['python_setup_py']
[0.196s] Level 1:colcon.colcon_core.package_identification:_identify(/home/robokvant/Documents/ws_rmw_zenoh/src/rmw_zenoh/docs) by extension 'python_setup_py'
[0.196s] Level 1:colcon.colcon_core.package_identification:_identify(/home/robokvant/Documents/ws_rmw_zenoh/src/rmw_zenoh/rmw_zenoh_cpp) by extensions ['ignore', 'ignore_ament_install']
[0.196s] Level 1:colcon.colcon_core.package_identification:_identify(/home/robokvant/Documents/ws_rmw_zenoh/src/rmw_zenoh/rmw_zenoh_cpp) by extension 'ignore'
[0.197s] Level 1:colcon.colcon_core.package_identification:_identify(/home/robokvant/Documents/ws_rmw_zenoh/src/rmw_zenoh/rmw_zenoh_cpp) by extension 'ignore_ament_install'
[0.197s] Level 1:colcon.colcon_core.package_identification:_identify(/home/robokvant/Documents/ws_rmw_zenoh/src/rmw_zenoh/rmw_zenoh_cpp) by extensions ['colcon_pkg']
[0.197s] Level 1:colcon.colcon_core.package_identification:_identify(/home/robokvant/Documents/ws_rmw_zenoh/src/rmw_zenoh/rmw_zenoh_cpp) by extension 'colcon_pkg'
[0.197s] Level 1:colcon.colcon_core.package_identification:_identify(/home/robokvant/Documents/ws_rmw_zenoh/src/rmw_zenoh/rmw_zenoh_cpp) by extensions ['colcon_meta']
[0.197s] Level 1:colcon.colcon_core.package_identification:_identify(/home/robokvant/Documents/ws_rmw_zenoh/src/rmw_zenoh/rmw_zenoh_cpp) by extension 'colcon_meta'
[0.197s] Level 1:colcon.colcon_core.package_identification:_identify(/home/robokvant/Documents/ws_rmw_zenoh/src/rmw_zenoh/rmw_zenoh_cpp) by extensions ['ros']
[0.197s] Level 1:colcon.colcon_core.package_identification:_identify(/home/robokvant/Documents/ws_rmw_zenoh/src/rmw_zenoh/rmw_zenoh_cpp) by extension 'ros'
[0.201s] DEBUG:colcon.colcon_core.package_identification:Package '/home/robokvant/Documents/ws_rmw_zenoh/src/rmw_zenoh/rmw_zenoh_cpp' with type 'ros.ament_cmake' and name 'rmw_zenoh_cpp'
[0.201s] Level 1:colcon.colcon_core.package_identification:_identify(/home/robokvant/Documents/ws_rmw_zenoh/src/rmw_zenoh/zenoh_c_vendor) by extensions ['ignore', 'ignore_ament_install']
[0.201s] Level 1:colcon.colcon_core.package_identification:_identify(/home/robokvant/Documents/ws_rmw_zenoh/src/rmw_zenoh/zenoh_c_vendor) by extension 'ignore'
[0.201s] Level 1:colcon.colcon_core.package_identification:_identify(/home/robokvant/Documents/ws_rmw_zenoh/src/rmw_zenoh/zenoh_c_vendor) by extension 'ignore_ament_install'
[0.201s] Level 1:colcon.colcon_core.package_identification:_identify(/home/robokvant/Documents/ws_rmw_zenoh/src/rmw_zenoh/zenoh_c_vendor) by extensions ['colcon_pkg']
[0.201s] Level 1:colcon.colcon_core.package_identification:_identify(/home/robokvant/Documents/ws_rmw_zenoh/src/rmw_zenoh/zenoh_c_vendor) by extension 'colcon_pkg'
[0.201s] Level 1:colcon.colcon_core.package_identification:_identify(/home/robokvant/Documents/ws_rmw_zenoh/src/rmw_zenoh/zenoh_c_vendor) by extensions ['colcon_meta']
[0.201s] Level 1:colcon.colcon_core.package_identification:_identify(/home/robokvant/Documents/ws_rmw_zenoh/src/rmw_zenoh/zenoh_c_vendor) by extension 'colcon_meta'
[0.201s] Level 1:colcon.colcon_core.package_identification:_identify(/home/robokvant/Documents/ws_rmw_zenoh/src/rmw_zenoh/zenoh_c_vendor) by extensions ['ros']
[0.201s] Level 1:colcon.colcon_core.package_identification:_identify(/home/robokvant/Documents/ws_rmw_zenoh/src/rmw_zenoh/zenoh_c_vendor) by extension 'ros'
[0.202s] DEBUG:colcon.colcon_core.package_identification:Package '/home/robokvant/Documents/ws_rmw_zenoh/src/rmw_zenoh/zenoh_c_vendor' with type 'ros.ament_cmake' and name 'zenoh_c_vendor'
[0.202s] Level 1:colcon.colcon_core.package_discovery:discover_packages(recursive) using defaults
